<?xml version="1.0" encoding="UTF-8"?>
<!-- Generated by org.testng.reporters.JUnitReportReporter -->
<testsuite ignored="0" hostname="SVQ-DZ6KS42" failures="0" tests="1" name="test.SearchTest" time="31.357" errors="0" timestamp="05 abr. 2021 11:09:38 GMT" skipped="0">
  <testcase classname="test.SearchTest" name="search" time="31.357"/>
</testsuite> <!-- test.SearchTest -->
