<?xml version="1.0" encoding="UTF-8"?>
<!-- Generated by org.testng.reporters.JUnitReportReporter -->
<testsuite ignored="0" hostname="SVQ-DZ6KS42" failures="0" tests="1" name="test.SearchTest" time="29.869" errors="0" timestamp="06 abr. 2021 10:58:22 GMT" skipped="0">
  <testcase classname="test.SearchTest" name="search" time="29.869"/>
</testsuite> <!-- test.SearchTest -->
